2019-08-03 11:13:44 [main] INFO  TestBase:47 - Report path: C:\Users\ostur\IdeaProjects\Spring2019FinalTestNGFramework/test-output/reports/08_03_2019/report.html
2019-08-03 11:13:51 [main] INFO  TestBase:71 - URL: http://qa2.vytrack.com/user/login
2019-08-03 11:14:12 [main] INFO  TestBase:109 - :: FLUSHING REPORT ::
2019-08-03 11:21:47 [main] INFO  TestBase:47 - Report path: C:\Users\ostur\IdeaProjects\Spring2019FinalTestNGFramework/test-output/reports/08_03_2019/report.html
2019-08-03 11:21:55 [main] INFO  TestBase:71 - URL: http://qa2.vytrack.com/user/login
2019-08-03 11:22:24 [main] INFO  TestBase:71 - URL: http://qa2.vytrack.com/user/login
2019-08-03 11:22:45 [main] INFO  TestBase:71 - URL: http://qa2.vytrack.com/user/login
2019-08-03 11:23:09 [main] INFO  TestBase:71 - URL: http://qa2.vytrack.com/user/login
2019-08-03 11:23:29 [main] INFO  TestBase:71 - URL: http://qa2.vytrack.com/user/login
2019-08-03 11:23:50 [main] INFO  TestBase:71 - URL: http://qa2.vytrack.com/user/login
2019-08-03 11:24:06 [main] INFO  TestBase:109 - :: FLUSHING REPORT ::
2019-08-03 11:24:56 [main] INFO  TestBase:47 - Report path: C:\Users\ostur\IdeaProjects\Spring2019FinalTestNGFramework/test-output/reports/08_03_2019/report.html
2019-08-03 11:25:03 [main] INFO  TestBase:71 - URL: http://qa2.vytrack.com/user/login
2019-08-03 11:25:21 [main] INFO  TestBase:71 - URL: http://qa2.vytrack.com/user/login
2019-08-03 11:25:37 [main] INFO  TestBase:71 - URL: http://qa2.vytrack.com/user/login
2019-08-03 11:25:54 [main] INFO  TestBase:71 - URL: http://qa2.vytrack.com/user/login
2019-08-03 11:26:00 [main] INFO  TestBase:71 - URL: http://qa2.vytrack.com/user/login
2019-08-03 11:26:02 [main] INFO  TestBase:109 - :: FLUSHING REPORT ::
2019-08-03 12:17:43 [main] INFO  TestBase:47 - Report path: C:\Users\ostur\IdeaProjects\Spring2019FinalTestNGFramework/test-output/reports/08_03_2019/report.html
2019-08-03 12:17:48 [main] INFO  TestBase:71 - URL: http://qa2.vytrack.com/user/login
2019-08-03 12:18:00 [main] INFO  TestBase:71 - URL: http://qa2.vytrack.com/user/login
2019-08-03 12:18:12 [main] INFO  TestBase:71 - URL: http://qa2.vytrack.com/user/login
2019-08-03 12:18:25 [main] INFO  TestBase:71 - URL: http://qa2.vytrack.com/user/login
2019-08-03 12:18:32 [main] INFO  TestBase:71 - URL: http://qa2.vytrack.com/user/login
2019-08-03 12:18:34 [main] INFO  TestBase:109 - :: FLUSHING REPORT ::
2019-08-03 15:38:57 [main] INFO  TestBase:47 - Report path: C:\Users\ostur\IdeaProjects\Spring2019FinalTestNGFramework/test-output/reports/08_03_2019/report.html
2019-08-03 15:39:04 [main] INFO  TestBase:71 - URL: http://qa2.vytrack.com/user/login
2019-08-03 15:39:23 [main] INFO  TestBase:71 - URL: http://qa2.vytrack.com/user/login
2019-08-03 15:39:35 [main] INFO  TestBase:109 - :: FLUSHING REPORT ::
2019-08-06 11:19:14 [main] INFO  TestBase:47 - Report path: C:\Users\ostur\IdeaProjects\Spring2019FinalTestNGFramework/test-output/reports/08_06_2019/report.html
2019-08-06 11:19:21 [main] INFO  TestBase:71 - URL: http://qa2.vytrack.com/user/login
2019-08-06 11:19:33 [main] ERROR BasePage:52 - Loader mask doesn't present.
2019-08-06 11:19:37 [main] INFO  TestBase:109 - :: FLUSHING REPORT ::
2019-08-06 11:21:05 [main] INFO  TestBase:47 - Report path: C:\Users\ostur\IdeaProjects\Spring2019FinalTestNGFramework/test-output/reports/08_06_2019/report.html
2019-08-06 11:21:20 [main] INFO  TestBase:71 - URL: http://qa2.vytrack.com/user/login
2019-08-06 11:21:37 [main] INFO  TestBase:109 - :: FLUSHING REPORT ::
2019-08-07 04:58:49 [main] INFO  TestBase:56 - Report path: C:\Users\ostur\IdeaProjects\Spring2019FinalTestNGFramework/test-output/reports/190807/report_190807_045849.html
2019-08-07 04:58:55 [main] INFO  TestBase:80 - URL: http://qa2.vytrack.com/user/login
2019-08-07 04:59:04 [main] INFO  TestBase:118 - :: FLUSHING REPORT ::
2019-08-07 05:00:42 [main] INFO  TestBase:56 - Report path: C:\Users\ostur\IdeaProjects\Spring2019FinalTestNGFramework/test-output/reports/190807/report_190807_0500.html
2019-08-07 05:00:47 [main] INFO  TestBase:80 - URL: http://qa2.vytrack.com/user/login
2019-08-07 05:00:54 [main] INFO  TestBase:118 - :: FLUSHING REPORT ::
2019-08-07 05:02:19 [main] INFO  TestBase:56 - Report path: C:\Users\ostur\IdeaProjects\Spring2019FinalTestNGFramework/test-output/reports/190807/report_190807_0502.html
2019-08-07 05:02:23 [main] INFO  TestBase:80 - URL: http://qa2.vytrack.com/user/login
2019-08-07 05:02:31 [main] INFO  TestBase:118 - :: FLUSHING REPORT ::
2019-08-07 05:09:33 [main] INFO  TestBase:56 - Report path: C:\Users\ostur\IdeaProjects\Spring2019FinalTestNGFramework/test-output/reports/190807/report_190807_0509.html
2019-08-07 05:09:38 [main] INFO  TestBase:80 - URL: http://qa2.vytrack.com/user/login
2019-08-07 05:09:45 [main] INFO  TestBase:118 - :: FLUSHING REPORT ::
2019-08-07 15:56:13 [main] INFO  TestBase:56 - Report path: C:\Users\ostur\IdeaProjects\Spring2019FinalTestNGFramework/test-output/reports/190807/report_190807_0356.html
2019-08-07 15:56:20 [main] INFO  TestBase:80 - URL: http://qa2.vytrack.com/user/login
2019-08-07 15:56:33 [main] INFO  TestBase:118 - :: FLUSHING REPORT ::
2019-08-07 16:08:30 [main] INFO  TestBase:56 - Report path: C:\Users\ostur\IdeaProjects\Spring2019FinalTestNGFramework/test-output/reports/190807/report_190807_0408.html
2019-08-07 16:08:35 [main] INFO  TestBase:80 - URL: http://qa2.vytrack.com/user/login
2019-08-07 16:08:45 [main] INFO  TestBase:118 - :: FLUSHING REPORT ::
2019-08-07 16:11:35 [main] INFO  TestBase:56 - Report path: C:\Users\ostur\IdeaProjects\Spring2019FinalTestNGFramework/test-output/reports/190807/report_190807_0411.html
2019-08-07 16:11:39 [main] INFO  TestBase:80 - URL: http://qa2.vytrack.com/user/login
2019-08-07 16:11:46 [main] INFO  TestBase:118 - :: FLUSHING REPORT ::
2019-08-07 16:46:12 [main] INFO  TestBase:57 - Report path: C:\Users\ostur\IdeaProjects\Spring2019FinalTestNGFramework/test-output/reports/190807/report_2019-08-07T16:46:12.1438886.html
2019-08-07 16:46:16 [main] INFO  TestBase:81 - URL: http://qa2.vytrack.com/user/login
2019-08-07 16:46:24 [main] INFO  TestBase:119 - :: FLUSHING REPORT ::
2019-08-07 16:50:27 [main] INFO  TestBase:57 - Report path: C:\Users\ostur\IdeaProjects\Spring2019FinalTestNGFramework/test-output/reports/190807/report_190807_1650.html
2019-08-07 16:50:33 [main] INFO  TestBase:81 - URL: http://qa2.vytrack.com/user/login
2019-08-07 16:50:42 [main] INFO  TestBase:119 - :: FLUSHING REPORT ::
2019-08-09 12:19:18 [main] INFO  TestBase:57 - Report path: C:\Users\ostur\IdeaProjects\Spring2019FinalTestNGFramework/test-output/reports/190809/report_190809_1219.html
2019-08-09 12:19:18 [main] INFO  TestBase:119 - :: FLUSHING REPORT ::
2019-08-09 12:19:55 [main] INFO  TestBase:57 - Report path: C:\Users\ostur\IdeaProjects\Spring2019FinalTestNGFramework/test-output/reports/190809/report_190809_1219.html
2019-08-09 12:20:00 [main] INFO  TestBase:81 - URL: http://qa2.vytrack.com/user/login
2019-08-09 12:20:13 [main] INFO  TestBase:81 - URL: http://qa2.vytrack.com/user/login
2019-08-09 12:20:24 [main] INFO  TestBase:81 - URL: http://qa2.vytrack.com/user/login
2019-08-09 12:20:35 [main] INFO  TestBase:81 - URL: http://qa2.vytrack.com/user/login
2019-08-09 12:20:42 [main] INFO  TestBase:81 - URL: http://qa2.vytrack.com/user/login
2019-08-09 12:20:43 [main] INFO  TestBase:119 - :: FLUSHING REPORT ::
2019-08-09 12:32:20 [main] INFO  TestBase:57 - Report path: C:\Users\ostur\IdeaProjects\Spring2019FinalTestNGFramework/test-output/reports/190809/report_190809_1232.html
2019-08-09 12:32:25 [main] INFO  TestBase:81 - URL: http://qa2.vytrack.com/user/login
2019-08-09 12:32:36 [main] INFO  TestBase:81 - URL: http://qa2.vytrack.com/user/login
2019-08-09 12:32:43 [main] INFO  TestBase:81 - URL: http://qa2.vytrack.com/user/login
2019-08-09 12:32:55 [main] INFO  TestBase:81 - URL: http://qa2.vytrack.com/user/login
2019-08-09 12:33:08 [main] INFO  TestBase:81 - URL: http://qa2.vytrack.com/user/login
2019-08-09 12:33:09 [main] INFO  TestBase:119 - :: FLUSHING REPORT ::
2019-08-09 16:06:10 [main] INFO  TestBase:57 - Report path: C:\Users\ostur\IdeaProjects\Spring2019FinalTestNGFramework/test-output/reports/190809/report_190809_1606.html
2019-08-09 16:06:16 [main] INFO  TestBase:81 - URL: http://qa2.vytrack.com/user/login
2019-08-09 16:06:30 [main] INFO  TestBase:81 - URL: http://qa2.vytrack.com/user/login
2019-08-09 16:06:36 [main] INFO  TestBase:81 - URL: http://qa2.vytrack.com/user/login
2019-08-09 16:06:48 [main] INFO  TestBase:81 - URL: http://qa2.vytrack.com/user/login
2019-08-09 16:07:01 [main] INFO  TestBase:81 - URL: http://qa2.vytrack.com/user/login
2019-08-09 16:07:15 [main] INFO  TestBase:81 - URL: http://qa2.vytrack.com/user/login
2019-08-09 16:07:16 [main] INFO  TestBase:119 - :: FLUSHING REPORT ::
2019-08-09 16:08:09 [main] INFO  TestBase:57 - Report path: C:\Users\ostur\IdeaProjects\Spring2019FinalTestNGFramework/test-output/reports/190809/report_190809_1608.html
2019-08-09 16:08:13 [main] INFO  TestBase:81 - URL: http://qa2.vytrack.com/user/login
2019-08-09 16:08:25 [main] INFO  TestBase:81 - URL: http://qa2.vytrack.com/user/login
2019-08-09 16:08:31 [main] INFO  TestBase:81 - URL: http://qa2.vytrack.com/user/login
2019-08-09 16:08:45 [main] INFO  TestBase:81 - URL: http://qa2.vytrack.com/user/login
2019-08-09 16:08:59 [main] INFO  TestBase:81 - URL: http://qa2.vytrack.com/user/login
2019-08-09 16:09:00 [main] INFO  TestBase:119 - :: FLUSHING REPORT ::
2019-08-09 16:25:00 [main] INFO  TestBase:57 - Report path: C:\Users\ostur\IdeaProjects\Spring2019FinalTestNGFramework/test-output/reports/190809/report_190809_1625.html
2019-08-09 16:25:06 [main] INFO  TestBase:81 - URL: http://qa2.vytrack.com/user/login
2019-08-09 16:25:20 [main] INFO  TestBase:81 - URL: http://qa2.vytrack.com/user/login
2019-08-09 16:25:26 [main] INFO  TestBase:81 - URL: http://qa2.vytrack.com/user/login
2019-08-09 16:25:37 [main] INFO  TestBase:81 - URL: http://qa2.vytrack.com/user/login
2019-08-09 16:25:48 [main] INFO  TestBase:81 - URL: http://qa2.vytrack.com/user/login
2019-08-09 16:26:00 [main] INFO  TestBase:81 - URL: http://qa2.vytrack.com/user/login
2019-08-09 16:26:11 [main] INFO  TestBase:81 - URL: http://qa2.vytrack.com/user/login
2019-08-09 16:26:23 [main] INFO  TestBase:81 - URL: http://qa2.vytrack.com/user/login
2019-08-09 16:26:37 [main] INFO  TestBase:81 - URL: http://qa2.vytrack.com/user/login
2019-08-09 16:26:51 [main] INFO  TestBase:81 - URL: http://qa2.vytrack.com/user/login
2019-08-09 16:27:04 [main] INFO  TestBase:81 - URL: http://qa2.vytrack.com/user/login
2019-08-09 16:27:17 [main] INFO  TestBase:81 - URL: http://qa2.vytrack.com/user/login
2019-08-09 16:27:19 [main] INFO  TestBase:119 - :: FLUSHING REPORT ::
2019-08-09 16:28:11 [main] INFO  TestBase:57 - Report path: C:\Users\ostur\IdeaProjects\Spring2019FinalTestNGFramework/test-output/reports/190809/report_190809_1628.html
2019-08-09 16:28:15 [main] INFO  TestBase:81 - URL: http://qa2.vytrack.com/user/login
2019-08-09 16:28:25 [main] INFO  TestBase:81 - URL: http://qa2.vytrack.com/user/login
2019-08-09 16:28:36 [main] INFO  TestBase:81 - URL: http://qa2.vytrack.com/user/login
2019-08-09 16:28:47 [main] INFO  TestBase:81 - URL: http://qa2.vytrack.com/user/login
2019-08-09 16:29:00 [main] INFO  TestBase:81 - URL: http://qa2.vytrack.com/user/login
2019-08-09 16:29:13 [main] INFO  TestBase:81 - URL: http://qa2.vytrack.com/user/login
2019-08-09 16:29:27 [main] INFO  TestBase:81 - URL: http://qa2.vytrack.com/user/login
2019-08-09 16:29:41 [main] INFO  TestBase:81 - URL: http://qa2.vytrack.com/user/login
2019-08-09 16:29:50 [main] INFO  TestBase:119 - :: FLUSHING REPORT ::
2019-08-09 18:52:28 [main] INFO  TestBase:57 - Report path: C:\Users\ostur\IdeaProjects\Spring2019FinalTestNGFramework/test-output/reports/19-08-09/report_190809_1852.html
2019-08-09 18:52:33 [main] INFO  TestBase:81 - URL: http://qa2.vytrack.com/user/login
2019-08-09 18:52:46 [main] INFO  TestBase:81 - URL: http://qa2.vytrack.com/user/login
2019-08-09 18:52:58 [main] INFO  TestBase:81 - URL: http://qa2.vytrack.com/user/login
2019-08-09 18:53:09 [main] INFO  TestBase:81 - URL: http://qa2.vytrack.com/user/login
2019-08-09 18:53:21 [main] INFO  TestBase:81 - URL: http://qa2.vytrack.com/user/login
2019-08-09 18:53:35 [main] INFO  TestBase:81 - URL: http://qa2.vytrack.com/user/login
2019-08-09 18:53:48 [main] INFO  TestBase:81 - URL: http://qa2.vytrack.com/user/login
2019-08-09 18:54:01 [main] INFO  TestBase:81 - URL: http://qa2.vytrack.com/user/login
2019-08-09 18:54:16 [main] INFO  TestBase:81 - URL: http://qa2.vytrack.com/user/login
2019-08-09 18:54:27 [main] ERROR BasePage:52 - Loader mask doesn't present.
2019-08-09 18:54:38 [main] INFO  TestBase:81 - URL: http://qa2.vytrack.com/user/login
2019-08-09 18:54:44 [main] INFO  TestBase:81 - URL: http://qa2.vytrack.com/user/login
2019-08-09 18:54:46 [main] INFO  TestBase:119 - :: FLUSHING REPORT ::
2019-08-10 00:17:44 [main] INFO  TestBase:57 - Report path: C:\Users\ostur\IdeaProjects\Spring2019FinalTestNGFramework/test-output/reports/19-08-10/report_190810_0017.html
2019-08-10 00:17:49 [main] INFO  TestBase:81 - URL: http://qa2.vytrack.com/user/login
2019-08-10 00:18:01 [main] INFO  TestBase:81 - URL: http://qa2.vytrack.com/user/login
2019-08-10 00:18:13 [main] INFO  TestBase:81 - URL: http://qa2.vytrack.com/user/login
2019-08-10 00:18:25 [main] INFO  TestBase:81 - URL: http://qa2.vytrack.com/user/login
2019-08-10 00:18:36 [main] INFO  TestBase:81 - URL: http://qa2.vytrack.com/user/login
2019-08-10 00:18:45 [main] INFO  TestBase:81 - URL: http://qa2.vytrack.com/user/login
2019-08-10 00:18:58 [main] INFO  TestBase:81 - URL: http://qa2.vytrack.com/user/login
2019-08-10 00:19:11 [main] INFO  TestBase:81 - URL: http://qa2.vytrack.com/user/login
2019-08-10 00:19:22 [main] INFO  TestBase:81 - URL: http://qa2.vytrack.com/user/login
2019-08-10 00:19:34 [main] INFO  TestBase:81 - URL: http://qa2.vytrack.com/user/login
2019-08-10 00:19:47 [main] INFO  TestBase:81 - URL: http://qa2.vytrack.com/user/login
2019-08-10 00:19:52 [main] INFO  TestBase:81 - URL: http://qa2.vytrack.com/user/login
2019-08-10 00:19:54 [main] INFO  TestBase:119 - :: FLUSHING REPORT ::
2019-08-10 00:27:24 [main] INFO  TestBase:57 - Report path: C:\Users\ostur\IdeaProjects\Spring2019FinalTestNGFramework/test-output/reports/19-08-10/report_190810_0027.html
2019-08-10 00:27:28 [main] INFO  TestBase:81 - URL: http://qa2.vytrack.com/user/login
2019-08-10 00:27:35 [main] INFO  TestBase:119 - :: FLUSHING REPORT ::
2019-08-10 00:28:52 [main] INFO  TestBase:57 - Report path: C:\Users\ostur\IdeaProjects\Spring2019FinalTestNGFramework/test-output/reports/19-08-10/report_190810_0028.html
2019-08-10 00:28:57 [main] INFO  TestBase:81 - URL: http://qa2.vytrack.com/user/login
2019-08-10 00:29:04 [main] INFO  TestBase:119 - :: FLUSHING REPORT ::
2019-08-12 09:52:55 [main] INFO  TestBase:57 - Report path: C:\Users\ostur\IdeaProjects\Spring2019FinalTestNGFramework/test-output/reports/19-08-12/report_190812_0952.html
2019-08-12 09:53:00 [main] INFO  TestBase:81 - URL: http://qa2.vytrack.com/user/login
2019-08-12 09:53:08 [main] INFO  TestBase:119 - :: FLUSHING REPORT ::
2019-08-14 03:59:23 [main] INFO  TestBase:57 - Report path: C:\Users\ostur\IdeaProjects\Spring2019FinalTestNGFramework/test-output/reports/19-08-14/report_190814_0359.html
2019-08-14 03:59:28 [main] INFO  TestBase:81 - URL: http://qa2.vytrack.com/user/login
2019-08-14 03:59:42 [main] INFO  TestBase:119 - :: FLUSHING REPORT ::
2019-08-14 03:59:48 [main] INFO  TestBase:57 - Report path: C:\Users\ostur\IdeaProjects\Spring2019FinalTestNGFramework/test-output/reports/19-08-14/report_190814_0359.html
2019-08-14 03:59:54 [main] INFO  TestBase:81 - URL: http://qa2.vytrack.com/user/login
2019-08-14 04:00:10 [main] INFO  TestBase:119 - :: FLUSHING REPORT ::
2019-08-14 04:00:24 [main] INFO  TestBase:57 - Report path: C:\Users\ostur\IdeaProjects\Spring2019FinalTestNGFramework/test-output/reports/19-08-14/report_190814_0400.html
2019-08-14 04:00:30 [main] INFO  TestBase:81 - URL: http://qa2.vytrack.com/user/login
2019-08-14 04:00:46 [main] INFO  TestBase:81 - URL: http://qa2.vytrack.com/user/login
2019-08-14 04:01:04 [main] INFO  TestBase:81 - URL: http://qa2.vytrack.com/user/login
2019-08-14 04:01:24 [main] INFO  TestBase:81 - URL: http://qa2.vytrack.com/user/login
2019-08-14 04:01:39 [main] INFO  TestBase:81 - URL: http://qa2.vytrack.com/user/login
2019-08-14 04:01:54 [main] INFO  TestBase:81 - URL: http://qa2.vytrack.com/user/login
2019-08-14 04:02:06 [main] INFO  TestBase:119 - :: FLUSHING REPORT ::
2019-08-24 07:05:37 [main] INFO  TestBase:57 - Report path: C:\Users\ostur\IdeaProjects\Spring2019FinalTestNGFramework/test-output/reports/19-08-24/report_190824_0705.html
2019-08-24 07:05:42 [main] INFO  TestBase:81 - URL: http://qa2.vytrack.com/user/login
2019-08-24 07:05:55 [main] INFO  TestBase:119 - :: FLUSHING REPORT ::
2019-08-24 07:19:13 [main] INFO  TestBase:57 - Report path: C:\Users\ostur\IdeaProjects\Spring2019FinalTestNGFramework/test-output/reports/19-08-24/report_190824_0719.html
2019-08-24 07:19:18 [main] INFO  TestBase:81 - URL: http://qa2.vytrack.com/user/login
2019-08-24 07:19:32 [main] INFO  TestBase:119 - :: FLUSHING REPORT ::
2019-08-24 07:23:32 [main] INFO  TestBase:57 - Report path: C:\Users\ostur\IdeaProjects\Spring2019FinalTestNGFramework/test-output/reports/19-08-24/report_190824_0723.html
2019-08-24 07:23:37 [main] INFO  TestBase:81 - URL: http://qa2.vytrack.com/user/login
2019-08-24 07:23:50 [main] INFO  TestBase:119 - :: FLUSHING REPORT ::
2019-08-24 07:30:07 [main] INFO  TestBase:57 - Report path: C:\Users\ostur\IdeaProjects\Spring2019FinalTestNGFramework/test-output/reports/19-08-24/report_190824_0730.html
2019-08-24 07:30:12 [main] INFO  TestBase:81 - URL: http://qa2.vytrack.com/user/login
2019-08-24 07:30:30 [main] INFO  TestBase:119 - :: FLUSHING REPORT ::
2019-08-24 07:32:35 [main] INFO  TestBase:57 - Report path: C:\Users\ostur\IdeaProjects\Spring2019FinalTestNGFramework/test-output/reports/19-08-24/report_190824_0732.html
2019-08-24 07:32:41 [main] INFO  TestBase:81 - URL: http://qa2.vytrack.com/user/login
2019-08-24 07:32:57 [main] INFO  TestBase:119 - :: FLUSHING REPORT ::
2019-08-24 07:36:38 [main] INFO  TestBase:57 - Report path: C:\Users\ostur\IdeaProjects\Spring2019FinalTestNGFramework/test-output/reports/19-08-24/report_190824_0736.html
2019-08-24 07:36:43 [main] INFO  TestBase:81 - URL: http://qa2.vytrack.com/user/login
2019-08-24 07:36:50 [main] INFO  TestBase:119 - :: FLUSHING REPORT ::
2019-08-24 07:44:21 [main] INFO  TestBase:57 - Report path: C:\Users\ostur\IdeaProjects\Spring2019FinalTestNGFramework/test-output/reports/19-08-24/report_190824_0744.html
2019-08-24 07:44:27 [main] INFO  TestBase:81 - URL: http://qa2.vytrack.com/user/login
2019-08-24 07:44:36 [main] INFO  TestBase:119 - :: FLUSHING REPORT ::
2019-08-24 07:45:31 [main] INFO  TestBase:57 - Report path: C:\Users\ostur\IdeaProjects\Spring2019FinalTestNGFramework/test-output/reports/19-08-24/report_190824_0745.html
2019-08-24 07:45:35 [main] INFO  TestBase:81 - URL: http://qa2.vytrack.com/user/login
2019-08-24 07:45:45 [main] INFO  TestBase:119 - :: FLUSHING REPORT ::
2019-08-24 07:48:13 [main] INFO  TestBase:57 - Report path: C:\Users\ostur\IdeaProjects\Spring2019FinalTestNGFramework/test-output/reports/19-08-24/report_190824_0748.html
2019-08-24 07:48:19 [main] INFO  TestBase:81 - URL: http://qa2.vytrack.com/user/login
2019-08-24 07:48:39 [main] INFO  TestBase:119 - :: FLUSHING REPORT ::
2019-08-24 07:54:56 [main] INFO  TestBase:57 - Report path: C:\Users\ostur\IdeaProjects\Spring2019FinalTestNGFramework/test-output/reports/19-08-24/report_190824_0754.html
2019-08-24 07:55:02 [main] INFO  TestBase:81 - URL: http://qa2.vytrack.com/user/login
2019-08-24 07:55:25 [main] INFO  TestBase:119 - :: FLUSHING REPORT ::
2019-08-24 07:57:59 [main] INFO  TestBase:57 - Report path: C:\Users\ostur\IdeaProjects\Spring2019FinalTestNGFramework/test-output/reports/19-08-24/report_190824_0757.html
2019-08-24 07:58:04 [main] INFO  TestBase:81 - URL: http://qa2.vytrack.com/user/login
2019-08-24 07:58:29 [main] INFO  TestBase:119 - :: FLUSHING REPORT ::
2019-08-24 07:59:44 [main] INFO  TestBase:57 - Report path: C:\Users\ostur\IdeaProjects\Spring2019FinalTestNGFramework/test-output/reports/19-08-24/report_190824_0759.html
2019-08-24 07:59:50 [main] INFO  TestBase:81 - URL: http://qa2.vytrack.com/user/login
2019-08-24 08:00:07 [main] INFO  TestBase:119 - :: FLUSHING REPORT ::
2019-08-24 08:00:28 [main] INFO  TestBase:57 - Report path: C:\Users\ostur\IdeaProjects\Spring2019FinalTestNGFramework/test-output/reports/19-08-24/report_190824_0800.html
2019-08-24 08:00:34 [main] INFO  TestBase:81 - URL: http://qa2.vytrack.com/user/login
2019-08-24 08:00:50 [main] INFO  TestBase:119 - :: FLUSHING REPORT ::
